Determining if the pthread_create exist failed with the following output:
Change Dir: /home/tfc/NetBeansProjects/PCD_Test/CMakeFiles/CMakeTmp

Run Build Command:"/usr/bin/make" "cmTC_058e0/fast"
/usr/bin/make -f CMakeFiles/cmTC_058e0.dir/build.make CMakeFiles/cmTC_058e0.dir/build
make[1]: Entering directory '/home/tfc/NetBeansProjects/PCD_Test/CMakeFiles/CMakeTmp'
Building C object CMakeFiles/cmTC_058e0.dir/CheckSymbolExists.c.o
/usr/bin/gcc    -o CMakeFiles/cmTC_058e0.dir/CheckSymbolExists.c.o   -c /home/tfc/NetBeansProjects/PCD_Test/CMakeFiles/CMakeTmp/CheckSymbolExists.c
Linking C executable cmTC_058e0
/usr/bin/cmake -E cmake_link_script CMakeFiles/cmTC_058e0.dir/link.txt --verbose=1
/usr/bin/gcc      -rdynamic CMakeFiles/cmTC_058e0.dir/CheckSymbolExists.c.o  -o cmTC_058e0 
CMakeFiles/cmTC_058e0.dir/CheckSymbolExists.c.o: In function `main':
CheckSymbolExists.c:(.text+0x1b): undefined reference to `pthread_create'
collect2: error: ld returned 1 exit status
CMakeFiles/cmTC_058e0.dir/build.make:97: recipe for target 'cmTC_058e0' failed
make[1]: *** [cmTC_058e0] Error 1
make[1]: Leaving directory '/home/tfc/NetBeansProjects/PCD_Test/CMakeFiles/CMakeTmp'
Makefile:126: recipe for target 'cmTC_058e0/fast' failed
make: *** [cmTC_058e0/fast] Error 2

File /home/tfc/NetBeansProjects/PCD_Test/CMakeFiles/CMakeTmp/CheckSymbolExists.c:
/* */
#include <pthread.h>

int main(int argc, char** argv)
{
  (void)argv;
#ifndef pthread_create
  return ((int*)(&pthread_create))[argc];
#else
  (void)argc;
  return 0;
#endif
}

Determining if the function pthread_create exists in the pthreads failed with the following output:
Change Dir: /home/tfc/NetBeansProjects/PCD_Test/CMakeFiles/CMakeTmp

Run Build Command:"/usr/bin/make" "cmTC_09893/fast"
/usr/bin/make -f CMakeFiles/cmTC_09893.dir/build.make CMakeFiles/cmTC_09893.dir/build
make[1]: Entering directory '/home/tfc/NetBeansProjects/PCD_Test/CMakeFiles/CMakeTmp'
Building C object CMakeFiles/cmTC_09893.dir/CheckFunctionExists.c.o
/usr/bin/gcc   -DCHECK_FUNCTION_EXISTS=pthread_create   -o CMakeFiles/cmTC_09893.dir/CheckFunctionExists.c.o   -c /usr/share/cmake-3.10/Modules/CheckFunctionExists.c
Linking C executable cmTC_09893
/usr/bin/cmake -E cmake_link_script CMakeFiles/cmTC_09893.dir/link.txt --verbose=1
/usr/bin/gcc  -DCHECK_FUNCTION_EXISTS=pthread_create    -rdynamic CMakeFiles/cmTC_09893.dir/CheckFunctionExists.c.o  -o cmTC_09893 -lpthreads 
/usr/bin/ld: cannot find -lpthreads
collect2: error: ld returned 1 exit status
CMakeFiles/cmTC_09893.dir/build.make:97: recipe for target 'cmTC_09893' failed
make[1]: *** [cmTC_09893] Error 1
make[1]: Leaving directory '/home/tfc/NetBeansProjects/PCD_Test/CMakeFiles/CMakeTmp'
Makefile:126: recipe for target 'cmTC_09893/fast' failed
make: *** [cmTC_09893/fast] Error 2


